<?xml version="1.0" encoding="UTF-8"?>
<!-- Generated by org.testng.reporters.JUnitReportReporter -->
<testsuite name="pack1.NewTest" tests="1" time="10.244" ignored="0" failures="0" timestamp="03 Feb 2018 05:11:51 GMT" skipped="0" hostname="CBT-LAB-043" errors="0">
  <testcase name="f" time="10.244" classname="pack1.NewTest"/>
</testsuite> <!-- pack1.NewTest -->
